{
  "stats": {
    "suites": 1,
    "tests": 1,
    "passes": 1,
    "pending": 0,
    "failures": 0,
    "start": "2023-10-05T08:04:28.324Z",
    "end": "2023-10-05T08:04:41.435Z",
    "duration": 13111,
    "testsRegistered": 1,
    "passPercent": 100,
    "pendingPercent": 0,
    "other": 0,
    "hasOther": false,
    "skipped": 0,
    "hasSkipped": false
  },
  "results": [
    {
      "uuid": "28c82976-651a-468a-8f06-6579697e18c2",
      "title": "",
      "fullFile": "cypress\\e2e\\framework1.cy.js",
      "file": "cypress\\e2e\\framework1.cy.js",
      "beforeHooks": [],
      "afterHooks": [],
      "tests": [],
      "suites": [
        {
          "uuid": "fc9a88fd-08a1-44d8-8ce7-e8e26579f9ee",
          "title": "Frameworks 1",
          "fullFile": "",
          "file": "",
          "beforeHooks": [],
          "afterHooks": [],
          "tests": [
            {
              "title": "My FirstTest case",
              "fullTitle": "Frameworks 1 My FirstTest case",
              "timedOut": null,
              "duration": 10085,
              "state": "passed",
              "speed": "slow",
              "pass": true,
              "fail": false,
              "pending": false,
              "context": null,
              "code": "//Initialize Classes\nlet homePage = new _HomePage.default();\nlet productPage = new _ProductPage.default();\ncy.visit(\"https://rahulshettyacademy.com/angularpractice/\");\nhomePage.getEditBox().type(this.data.name);\ncy.get(\"select\").select(this.data.gender);\nhomePage.getEditBox().should(\"have.value\", this.data.name);\nhomePage.getEditBox().should(\"have.attr\", \"minlength\", 2);\ncy.get(\"#inlineRadio3\").should(\"be.disabled\");\n// cy.pause();\n// Shop page\ncy.get(\":nth-child(2) > .nav-link\").click();\n//Iterate throw the data array + Add to cart\nthis.data.productNames.forEach(element => {\n  cy.selectProduct(element);\n});\nproductPage.getCheckoutButton().click();\nproductPage.getCheckoutCart().click();\n//Delivery Page\ncy.get(\"#country\").type(\"Romania\");\ncy.wait(1000);\ncy.get(\".suggestions > ul > li > a\").click();\ncy.get(\".checkbox\").click({\n  force: true\n});\ncy.get(\".ng-untouched > .btn\").click();",
              "err": {},
              "uuid": "15b78ca2-6fa4-433e-9a7f-e5ef951610d7",
              "parentUUID": "fc9a88fd-08a1-44d8-8ce7-e8e26579f9ee",
              "isHook": false,
              "skipped": false
            }
          ],
          "suites": [],
          "passes": [
            "15b78ca2-6fa4-433e-9a7f-e5ef951610d7"
          ],
          "failures": [],
          "pending": [],
          "skipped": [],
          "duration": 10085,
          "root": false,
          "rootEmpty": false,
          "_timeout": 2000
        }
      ],
      "passes": [],
      "failures": [],
      "pending": [],
      "skipped": [],
      "duration": 0,
      "root": true,
      "rootEmpty": true,
      "_timeout": 2000
    }
  ],
  "meta": {
    "mocha": {
      "version": "7.0.1"
    },
    "mochawesome": {
      "options": {
        "quiet": false,
        "reportFilename": "mochawesome",
        "saveHtml": true,
        "saveJson": true,
        "consoleReporter": "spec",
        "useInlineDiffs": false,
        "code": true
      },
      "version": "7.1.3"
    },
    "marge": {
      "options": null,
      "version": "6.2.0"
    }
  }
}